0 info it worked if it ends with ok
1 verbose cli [ 'c:\\Users\\HanhVV\\AppData\\Local\\.meteor\\packages\\meteor-tool\\1.4.1_1\\mt-os.windows.x86_32\\dev_bundle\\bin\\node.exe',
1 verbose cli   'c:\\Users\\HanhVV\\AppData\\Local\\.meteor\\packages\\meteor-tool\\1.4.1_1\\mt-os.windows.x86_32\\dev_bundle\\lib\\node_modules\\npm\\bin\\npm-cli.js',
1 verbose cli   'install',
1 verbose cli   '--save',
1 verbose cli   'bcrypt' ]
2 info using npm@3.10.6
3 info using node@v4.5.0
4 silly loadCurrentTree Starting
5 silly install loadCurrentTree
6 silly install readLocalPackageData
7 silly fetchPackageMetaData bcrypt
8 silly fetchNamedPackageData bcrypt
9 silly mapToRegistry name bcrypt
10 silly mapToRegistry using default registry
11 silly mapToRegistry registry https://registry.npmjs.org/
12 silly mapToRegistry data Result {
12 silly mapToRegistry   raw: 'bcrypt',
12 silly mapToRegistry   scope: null,
12 silly mapToRegistry   escapedName: 'bcrypt',
12 silly mapToRegistry   name: 'bcrypt',
12 silly mapToRegistry   rawSpec: '',
12 silly mapToRegistry   spec: 'latest',
12 silly mapToRegistry   type: 'tag' }
13 silly mapToRegistry uri https://registry.npmjs.org/bcrypt
14 verbose request uri https://registry.npmjs.org/bcrypt
15 verbose request no auth needed
16 info attempt registry request try #1 at 2:17:39 PM
17 verbose request id 6437a390bb00c3d3
18 verbose etag "8D5016I192UYIQ6YE301KKEPG"
19 http request GET https://registry.npmjs.org/bcrypt
20 http 200 https://registry.npmjs.org/bcrypt
21 verbose headers { server: 'CouchDB/1.5.0 (Erlang OTP/R16B03)',
21 verbose headers   etag: '"ES8MKY4VN15JHF1YJPP6RA5FS"',
21 verbose headers   'content-type': 'application/json',
21 verbose headers   'content-encoding': 'gzip',
21 verbose headers   'cache-control': 'max-age=300',
21 verbose headers   'content-length': '11851',
21 verbose headers   'accept-ranges': 'bytes',
21 verbose headers   date: 'Wed, 31 Aug 2016 07:17:45 GMT',
21 verbose headers   via: '1.1 varnish',
21 verbose headers   age: '50',
21 verbose headers   connection: 'keep-alive',
21 verbose headers   'x-served-by': 'cache-hkg6824-HKG',
21 verbose headers   'x-cache': 'HIT',
21 verbose headers   'x-cache-hits': '1',
21 verbose headers   'x-timer': 'S1472627865.011693,VS0,VE0',
21 verbose headers   vary: 'Accept-Encoding' }
22 silly get cb [ 200,
22 silly get   { server: 'CouchDB/1.5.0 (Erlang OTP/R16B03)',
22 silly get     etag: '"ES8MKY4VN15JHF1YJPP6RA5FS"',
22 silly get     'content-type': 'application/json',
22 silly get     'content-encoding': 'gzip',
22 silly get     'cache-control': 'max-age=300',
22 silly get     'content-length': '11851',
22 silly get     'accept-ranges': 'bytes',
22 silly get     date: 'Wed, 31 Aug 2016 07:17:45 GMT',
22 silly get     via: '1.1 varnish',
22 silly get     age: '50',
22 silly get     connection: 'keep-alive',
22 silly get     'x-served-by': 'cache-hkg6824-HKG',
22 silly get     'x-cache': 'HIT',
22 silly get     'x-cache-hits': '1',
22 silly get     'x-timer': 'S1472627865.011693,VS0,VE0',
22 silly get     vary: 'Accept-Encoding' } ]
23 verbose get saving bcrypt to C:\Users\HanhVV\AppData\Roaming\npm-cache\registry.npmjs.org\bcrypt\.cache.json
24 verbose correctMkdir C:\Users\HanhVV\AppData\Roaming\npm-cache correctMkdir not in flight; initializing
25 silly install normalizeTree
26 silly loadCurrentTree Finishing
27 silly loadIdealTree Starting
28 silly install loadIdealTree
29 silly cloneCurrentTree Starting
30 silly install cloneCurrentTreeToIdealTree
31 silly cloneCurrentTree Finishing
32 silly loadShrinkwrap Starting
33 silly install loadShrinkwrap
34 silly loadShrinkwrap Finishing
35 silly loadAllDepsIntoIdealTree Starting
36 silly install loadAllDepsIntoIdealTree
37 silly resolveWithNewModule bcrypt@0.8.7 checking installable status
38 silly cache add args [ 'bcrypt', null ]
39 verbose cache add spec bcrypt
40 silly cache add parsed spec Result {
40 silly cache add   raw: 'bcrypt',
40 silly cache add   scope: null,
40 silly cache add   escapedName: 'bcrypt',
40 silly cache add   name: 'bcrypt',
40 silly cache add   rawSpec: '',
40 silly cache add   spec: 'latest',
40 silly cache add   type: 'tag' }
41 silly addNamed bcrypt@latest
42 verbose addNamed "latest" is being treated as a dist-tag for bcrypt
43 info addNameTag [ 'bcrypt', 'latest' ]
44 silly mapToRegistry name bcrypt
45 silly mapToRegistry using default registry
46 silly mapToRegistry registry https://registry.npmjs.org/
47 silly mapToRegistry data Result {
47 silly mapToRegistry   raw: 'bcrypt',
47 silly mapToRegistry   scope: null,
47 silly mapToRegistry   escapedName: 'bcrypt',
47 silly mapToRegistry   name: 'bcrypt',
47 silly mapToRegistry   rawSpec: '',
47 silly mapToRegistry   spec: 'latest',
47 silly mapToRegistry   type: 'tag' }
48 silly mapToRegistry uri https://registry.npmjs.org/bcrypt
49 verbose addNameTag registry:https://registry.npmjs.org/bcrypt not in flight; fetching
50 verbose get https://registry.npmjs.org/bcrypt not expired, no request
51 silly addNameTag next cb for bcrypt with tag latest
52 silly addNamed bcrypt@0.8.7
53 verbose addNamed "0.8.7" is a plain semver version for bcrypt
54 silly cache afterAdd bcrypt@0.8.7
55 verbose afterAdd C:\Users\HanhVV\AppData\Roaming\npm-cache\bcrypt\0.8.7\package\package.json not in flight; writing
56 verbose correctMkdir C:\Users\HanhVV\AppData\Roaming\npm-cache correctMkdir not in flight; initializing
57 verbose afterAdd C:\Users\HanhVV\AppData\Roaming\npm-cache\bcrypt\0.8.7\package\package.json written
58 silly fetchNamedPackageData bindings
59 silly mapToRegistry name bindings
60 silly mapToRegistry using default registry
61 silly mapToRegistry registry https://registry.npmjs.org/
62 silly mapToRegistry data Result {
62 silly mapToRegistry   raw: 'bindings',
62 silly mapToRegistry   scope: null,
62 silly mapToRegistry   escapedName: 'bindings',
62 silly mapToRegistry   name: 'bindings',
62 silly mapToRegistry   rawSpec: '',
62 silly mapToRegistry   spec: 'latest',
62 silly mapToRegistry   type: 'tag' }
63 silly mapToRegistry uri https://registry.npmjs.org/bindings
64 silly fetchNamedPackageData nan
65 silly mapToRegistry name nan
66 silly mapToRegistry using default registry
67 silly mapToRegistry registry https://registry.npmjs.org/
68 silly mapToRegistry data Result {
68 silly mapToRegistry   raw: 'nan',
68 silly mapToRegistry   scope: null,
68 silly mapToRegistry   escapedName: 'nan',
68 silly mapToRegistry   name: 'nan',
68 silly mapToRegistry   rawSpec: '',
68 silly mapToRegistry   spec: 'latest',
68 silly mapToRegistry   type: 'tag' }
69 silly mapToRegistry uri https://registry.npmjs.org/nan
70 verbose request uri https://registry.npmjs.org/bindings
71 verbose request no auth needed
72 info attempt registry request try #1 at 2:17:39 PM
73 verbose etag "33TX4J3DNTGF7K41ZUV6OA182"
74 http request GET https://registry.npmjs.org/bindings
75 verbose request uri https://registry.npmjs.org/nan
76 verbose request no auth needed
77 info attempt registry request try #1 at 2:17:39 PM
78 verbose etag "1OOZJAUMBQC59OINHZGMRRCSL"
79 http request GET https://registry.npmjs.org/nan
80 http 304 https://registry.npmjs.org/bindings
81 verbose headers { date: 'Wed, 31 Aug 2016 07:17:45 GMT',
81 verbose headers   via: '1.1 varnish',
81 verbose headers   'cache-control': 'max-age=300',
81 verbose headers   etag: '"33TX4J3DNTGF7K41ZUV6OA182"',
81 verbose headers   age: '56',
81 verbose headers   connection: 'keep-alive',
81 verbose headers   'x-served-by': 'cache-hkg6824-HKG',
81 verbose headers   'x-cache': 'HIT',
81 verbose headers   'x-cache-hits': '1',
81 verbose headers   'x-timer': 'S1472627865.230102,VS0,VE0',
81 verbose headers   vary: 'Accept-Encoding' }
82 silly get cb [ 304,
82 silly get   { date: 'Wed, 31 Aug 2016 07:17:45 GMT',
82 silly get     via: '1.1 varnish',
82 silly get     'cache-control': 'max-age=300',
82 silly get     etag: '"33TX4J3DNTGF7K41ZUV6OA182"',
82 silly get     age: '56',
82 silly get     connection: 'keep-alive',
82 silly get     'x-served-by': 'cache-hkg6824-HKG',
82 silly get     'x-cache': 'HIT',
82 silly get     'x-cache-hits': '1',
82 silly get     'x-timer': 'S1472627865.230102,VS0,VE0',
82 silly get     vary: 'Accept-Encoding' } ]
83 verbose etag https://registry.npmjs.org/bindings from cache
84 verbose get saving bindings to C:\Users\HanhVV\AppData\Roaming\npm-cache\registry.npmjs.org\bindings\.cache.json
85 verbose correctMkdir C:\Users\HanhVV\AppData\Roaming\npm-cache correctMkdir not in flight; initializing
86 silly resolveWithNewModule bindings@1.2.1 checking installable status
87 silly cache add args [ 'bindings@1.2.1', null ]
88 verbose cache add spec bindings@1.2.1
89 silly cache add parsed spec Result {
89 silly cache add   raw: 'bindings@1.2.1',
89 silly cache add   scope: null,
89 silly cache add   escapedName: 'bindings',
89 silly cache add   name: 'bindings',
89 silly cache add   rawSpec: '1.2.1',
89 silly cache add   spec: '1.2.1',
89 silly cache add   type: 'version' }
90 silly addNamed bindings@1.2.1
91 verbose addNamed "1.2.1" is a plain semver version for bindings
92 silly mapToRegistry name bindings
93 silly mapToRegistry using default registry
94 silly mapToRegistry registry https://registry.npmjs.org/
95 silly mapToRegistry data Result {
95 silly mapToRegistry   raw: 'bindings',
95 silly mapToRegistry   scope: null,
95 silly mapToRegistry   escapedName: 'bindings',
95 silly mapToRegistry   name: 'bindings',
95 silly mapToRegistry   rawSpec: '',
95 silly mapToRegistry   spec: 'latest',
95 silly mapToRegistry   type: 'tag' }
96 silly mapToRegistry uri https://registry.npmjs.org/bindings
97 verbose addNameVersion registry:https://registry.npmjs.org/bindings not in flight; fetching
98 verbose get https://registry.npmjs.org/bindings not expired, no request
99 silly cache afterAdd bindings@1.2.1
100 verbose afterAdd C:\Users\HanhVV\AppData\Roaming\npm-cache\bindings\1.2.1\package\package.json not in flight; writing
101 verbose correctMkdir C:\Users\HanhVV\AppData\Roaming\npm-cache correctMkdir not in flight; initializing
102 verbose afterAdd C:\Users\HanhVV\AppData\Roaming\npm-cache\bindings\1.2.1\package\package.json written
103 http 304 https://registry.npmjs.org/nan
104 verbose headers { date: 'Wed, 31 Aug 2016 07:17:45 GMT',
104 verbose headers   via: '1.1 varnish',
104 verbose headers   'cache-control': 'max-age=300',
104 verbose headers   etag: '"1OOZJAUMBQC59OINHZGMRRCSL"',
104 verbose headers   age: '198',
104 verbose headers   connection: 'keep-alive',
104 verbose headers   'x-served-by': 'cache-hkg6824-HKG',
104 verbose headers   'x-cache': 'HIT',
104 verbose headers   'x-cache-hits': '11',
104 verbose headers   'x-timer': 'S1472627865.304718,VS0,VE0',
104 verbose headers   vary: 'Accept-Encoding' }
105 silly get cb [ 304,
105 silly get   { date: 'Wed, 31 Aug 2016 07:17:45 GMT',
105 silly get     via: '1.1 varnish',
105 silly get     'cache-control': 'max-age=300',
105 silly get     etag: '"1OOZJAUMBQC59OINHZGMRRCSL"',
105 silly get     age: '198',
105 silly get     connection: 'keep-alive',
105 silly get     'x-served-by': 'cache-hkg6824-HKG',
105 silly get     'x-cache': 'HIT',
105 silly get     'x-cache-hits': '11',
105 silly get     'x-timer': 'S1472627865.304718,VS0,VE0',
105 silly get     vary: 'Accept-Encoding' } ]
106 verbose etag https://registry.npmjs.org/nan from cache
107 verbose get saving nan to C:\Users\HanhVV\AppData\Roaming\npm-cache\registry.npmjs.org\nan\.cache.json
108 verbose correctMkdir C:\Users\HanhVV\AppData\Roaming\npm-cache correctMkdir not in flight; initializing
109 silly resolveWithNewModule nan@2.3.5 checking installable status
110 silly cache add args [ 'nan@2.3.5', null ]
111 verbose cache add spec nan@2.3.5
112 silly cache add parsed spec Result {
112 silly cache add   raw: 'nan@2.3.5',
112 silly cache add   scope: null,
112 silly cache add   escapedName: 'nan',
112 silly cache add   name: 'nan',
112 silly cache add   rawSpec: '2.3.5',
112 silly cache add   spec: '2.3.5',
112 silly cache add   type: 'version' }
113 silly addNamed nan@2.3.5
114 verbose addNamed "2.3.5" is a plain semver version for nan
115 silly mapToRegistry name nan
116 silly mapToRegistry using default registry
117 silly mapToRegistry registry https://registry.npmjs.org/
118 silly mapToRegistry data Result {
118 silly mapToRegistry   raw: 'nan',
118 silly mapToRegistry   scope: null,
118 silly mapToRegistry   escapedName: 'nan',
118 silly mapToRegistry   name: 'nan',
118 silly mapToRegistry   rawSpec: '',
118 silly mapToRegistry   spec: 'latest',
118 silly mapToRegistry   type: 'tag' }
119 silly mapToRegistry uri https://registry.npmjs.org/nan
120 verbose addNameVersion registry:https://registry.npmjs.org/nan not in flight; fetching
121 verbose get https://registry.npmjs.org/nan not expired, no request
122 silly cache afterAdd nan@2.3.5
123 verbose afterAdd C:\Users\HanhVV\AppData\Roaming\npm-cache\nan\2.3.5\package\package.json not in flight; writing
124 verbose correctMkdir C:\Users\HanhVV\AppData\Roaming\npm-cache correctMkdir not in flight; initializing
125 verbose afterAdd C:\Users\HanhVV\AppData\Roaming\npm-cache\nan\2.3.5\package\package.json written
126 silly loadAllDepsIntoIdealTree Finishing
127 silly loadIdealTree Finishing
128 silly currentTree re-todos@
128 silly currentTree +-- asap@2.0.4
128 silly currentTree +-- core-js@1.2.7
128 silly currentTree +-- encoding@0.1.12
128 silly currentTree +-- fbjs@0.8.4
128 silly currentTree +-- iconv-lite@0.4.13
128 silly currentTree +-- immutable@3.8.1
128 silly currentTree +-- is-stream@1.1.0
128 silly currentTree +-- isomorphic-fetch@2.2.1
128 silly currentTree +-- js-tokens@1.0.3
128 silly currentTree +-- loose-envify@1.2.0
128 silly currentTree +-- meteor-node-stubs@0.2.3
128 silly currentTree | +-- assert@1.3.0
128 silly currentTree | +-- browserify-zlib@0.1.4
128 silly currentTree | | `-- pako@0.2.8
128 silly currentTree | +-- buffer@4.5.1
128 silly currentTree | | +-- base64-js@1.1.2
128 silly currentTree | | +-- ieee754@1.1.6
128 silly currentTree | | `-- isarray@1.0.0
128 silly currentTree | +-- console-browserify@1.1.0
128 silly currentTree | | `-- date-now@0.1.4
128 silly currentTree | +-- constants-browserify@1.0.0
128 silly currentTree | +-- crypto-browserify@3.11.0
128 silly currentTree | | +-- browserify-cipher@1.0.0
128 silly currentTree | | | +-- browserify-aes@1.0.6
128 silly currentTree | | | | +-- buffer-xor@1.0.3
128 silly currentTree | | | | `-- cipher-base@1.0.2
128 silly currentTree | | | +-- browserify-des@1.0.0
128 silly currentTree | | | | +-- cipher-base@1.0.2
128 silly currentTree | | | | `-- des.js@1.0.0
128 silly currentTree | | | |   `-- minimalistic-assert@1.0.0
128 silly currentTree | | | `-- evp_bytestokey@1.0.0
128 silly currentTree | | +-- browserify-sign@4.0.0
128 silly currentTree | | | +-- bn.js@4.11.1
128 silly currentTree | | | +-- browserify-rsa@4.0.1
128 silly currentTree | | | +-- elliptic@6.2.3
128 silly currentTree | | | | +-- brorand@1.0.5
128 silly currentTree | | | | `-- hash.js@1.0.3
128 silly currentTree | | | `-- parse-asn1@5.0.0
128 silly currentTree | | |   +-- asn1.js@4.5.2
128 silly currentTree | | |   | `-- minimalistic-assert@1.0.0
128 silly currentTree | | |   +-- browserify-aes@1.0.6
128 silly currentTree | | |   | +-- buffer-xor@1.0.3
128 silly currentTree | | |   | `-- cipher-base@1.0.2
128 silly currentTree | | |   `-- evp_bytestokey@1.0.0
128 silly currentTree | | +-- create-ecdh@4.0.0
128 silly currentTree | | | +-- bn.js@4.11.1
128 silly currentTree | | | `-- elliptic@6.2.3
128 silly currentTree | | |   +-- brorand@1.0.5
128 silly currentTree | | |   `-- hash.js@1.0.3
128 silly currentTree | | +-- create-hash@1.1.2
128 silly currentTree | | | +-- cipher-base@1.0.2
128 silly currentTree | | | +-- ripemd160@1.0.1
128 silly currentTree | | | `-- sha.js@2.4.5
128 silly currentTree | | +-- create-hmac@1.1.4
128 silly currentTree | | +-- diffie-hellman@5.0.2
128 silly currentTree | | | +-- bn.js@4.11.1
128 silly currentTree | | | `-- miller-rabin@4.0.0
128 silly currentTree | | |   `-- brorand@1.0.5
128 silly currentTree | | +-- inherits@2.0.1
128 silly currentTree | | +-- pbkdf2@3.0.4
128 silly currentTree | | +-- public-encrypt@4.0.0
128 silly currentTree | | | +-- bn.js@4.11.1
128 silly currentTree | | | +-- browserify-rsa@4.0.1
128 silly currentTree | | | `-- parse-asn1@5.0.0
128 silly currentTree | | |   +-- asn1.js@4.5.2
128 silly currentTree | | |   | `-- minimalistic-assert@1.0.0
128 silly currentTree | | |   +-- browserify-aes@1.0.6
128 silly currentTree | | |   | +-- buffer-xor@1.0.3
128 silly currentTree | | |   | `-- cipher-base@1.0.2
128 silly currentTree | | |   `-- evp_bytestokey@1.0.0
128 silly currentTree | | `-- randombytes@2.0.3
128 silly currentTree | +-- domain-browser@1.1.7
128 silly currentTree | +-- events@1.1.0
128 silly currentTree | +-- http-browserify@1.7.0
128 silly currentTree | | +-- Base64@0.2.1
128 silly currentTree | | `-- inherits@2.0.1
128 silly currentTree | +-- https-browserify@0.0.1
128 silly currentTree | +-- os-browserify@0.2.1
128 silly currentTree | +-- path-browserify@0.0.0
128 silly currentTree | +-- process@0.11.2
128 silly currentTree | +-- punycode@1.4.1
128 silly currentTree | +-- querystring-es3@0.2.1
128 silly currentTree | +-- readable-stream@2.0.6
128 silly currentTree | | +-- core-util-is@1.0.2
128 silly currentTree | | +-- inherits@2.0.1
128 silly currentTree | | +-- isarray@1.0.0
128 silly currentTree | | +-- process-nextick-args@1.0.6
128 silly currentTree | | `-- util-deprecate@1.0.2
128 silly currentTree | +-- stream-browserify@2.0.1
128 silly currentTree | | `-- inherits@2.0.1
128 silly currentTree | +-- string_decoder@0.10.31
128 silly currentTree | +-- timers-browserify@1.4.2
128 silly currentTree | +-- tty-browserify@0.0.0
128 silly currentTree | +-- url@0.11.0
128 silly currentTree | | +-- punycode@1.3.2
128 silly currentTree | | `-- querystring@0.2.0
128 silly currentTree | +-- util@0.10.3
128 silly currentTree | | `-- inherits@2.0.1
128 silly currentTree | `-- vm-browserify@0.0.4
128 silly currentTree |   `-- indexof@0.0.1
128 silly currentTree +-- node-fetch@1.6.0
128 silly currentTree +-- object-assign@4.1.0
128 silly currentTree +-- promise@7.1.1
128 silly currentTree +-- react-addons-pure-render-mixin@15.3.1
128 silly currentTree +-- react-dom@15.3.1
128 silly currentTree +-- react@15.3.1
128 silly currentTree +-- ua-parser-js@0.7.10
128 silly currentTree `-- whatwg-fetch@1.0.0
129 silly idealTree re-todos@
129 silly idealTree +-- asap@2.0.4
129 silly idealTree +-- bcrypt@0.8.7
129 silly idealTree +-- bindings@1.2.1
129 silly idealTree +-- core-js@1.2.7
129 silly idealTree +-- encoding@0.1.12
129 silly idealTree +-- fbjs@0.8.4
129 silly idealTree +-- iconv-lite@0.4.13
129 silly idealTree +-- immutable@3.8.1
129 silly idealTree +-- is-stream@1.1.0
129 silly idealTree +-- isomorphic-fetch@2.2.1
129 silly idealTree +-- js-tokens@1.0.3
129 silly idealTree +-- loose-envify@1.2.0
129 silly idealTree +-- meteor-node-stubs@0.2.3
129 silly idealTree | +-- assert@1.3.0
129 silly idealTree | +-- browserify-zlib@0.1.4
129 silly idealTree | | `-- pako@0.2.8
129 silly idealTree | +-- buffer@4.5.1
129 silly idealTree | | +-- base64-js@1.1.2
129 silly idealTree | | +-- ieee754@1.1.6
129 silly idealTree | | `-- isarray@1.0.0
129 silly idealTree | +-- console-browserify@1.1.0
129 silly idealTree | | `-- date-now@0.1.4
129 silly idealTree | +-- constants-browserify@1.0.0
129 silly idealTree | +-- crypto-browserify@3.11.0
129 silly idealTree | | +-- browserify-cipher@1.0.0
129 silly idealTree | | | +-- browserify-aes@1.0.6
129 silly idealTree | | | | +-- buffer-xor@1.0.3
129 silly idealTree | | | | `-- cipher-base@1.0.2
129 silly idealTree | | | +-- browserify-des@1.0.0
129 silly idealTree | | | | +-- cipher-base@1.0.2
129 silly idealTree | | | | `-- des.js@1.0.0
129 silly idealTree | | | |   `-- minimalistic-assert@1.0.0
129 silly idealTree | | | `-- evp_bytestokey@1.0.0
129 silly idealTree | | +-- browserify-sign@4.0.0
129 silly idealTree | | | +-- bn.js@4.11.1
129 silly idealTree | | | +-- browserify-rsa@4.0.1
129 silly idealTree | | | +-- elliptic@6.2.3
129 silly idealTree | | | | +-- brorand@1.0.5
129 silly idealTree | | | | `-- hash.js@1.0.3
129 silly idealTree | | | `-- parse-asn1@5.0.0
129 silly idealTree | | |   +-- asn1.js@4.5.2
129 silly idealTree | | |   | `-- minimalistic-assert@1.0.0
129 silly idealTree | | |   +-- browserify-aes@1.0.6
129 silly idealTree | | |   | +-- buffer-xor@1.0.3
129 silly idealTree | | |   | `-- cipher-base@1.0.2
129 silly idealTree | | |   `-- evp_bytestokey@1.0.0
129 silly idealTree | | +-- create-ecdh@4.0.0
129 silly idealTree | | | +-- bn.js@4.11.1
129 silly idealTree | | | `-- elliptic@6.2.3
129 silly idealTree | | |   +-- brorand@1.0.5
129 silly idealTree | | |   `-- hash.js@1.0.3
129 silly idealTree | | +-- create-hash@1.1.2
129 silly idealTree | | | +-- cipher-base@1.0.2
129 silly idealTree | | | +-- ripemd160@1.0.1
129 silly idealTree | | | `-- sha.js@2.4.5
129 silly idealTree | | +-- create-hmac@1.1.4
129 silly idealTree | | +-- diffie-hellman@5.0.2
129 silly idealTree | | | +-- bn.js@4.11.1
129 silly idealTree | | | `-- miller-rabin@4.0.0
129 silly idealTree | | |   `-- brorand@1.0.5
129 silly idealTree | | +-- inherits@2.0.1
129 silly idealTree | | +-- pbkdf2@3.0.4
129 silly idealTree | | +-- public-encrypt@4.0.0
129 silly idealTree | | | +-- bn.js@4.11.1
129 silly idealTree | | | +-- browserify-rsa@4.0.1
129 silly idealTree | | | `-- parse-asn1@5.0.0
129 silly idealTree | | |   +-- asn1.js@4.5.2
129 silly idealTree | | |   | `-- minimalistic-assert@1.0.0
129 silly idealTree | | |   +-- browserify-aes@1.0.6
129 silly idealTree | | |   | +-- buffer-xor@1.0.3
129 silly idealTree | | |   | `-- cipher-base@1.0.2
129 silly idealTree | | |   `-- evp_bytestokey@1.0.0
129 silly idealTree | | `-- randombytes@2.0.3
129 silly idealTree | +-- domain-browser@1.1.7
129 silly idealTree | +-- events@1.1.0
129 silly idealTree | +-- http-browserify@1.7.0
129 silly idealTree | | +-- Base64@0.2.1
129 silly idealTree | | `-- inherits@2.0.1
129 silly idealTree | +-- https-browserify@0.0.1
129 silly idealTree | +-- os-browserify@0.2.1
129 silly idealTree | +-- path-browserify@0.0.0
129 silly idealTree | +-- process@0.11.2
129 silly idealTree | +-- punycode@1.4.1
129 silly idealTree | +-- querystring-es3@0.2.1
129 silly idealTree | +-- readable-stream@2.0.6
129 silly idealTree | | +-- core-util-is@1.0.2
129 silly idealTree | | +-- inherits@2.0.1
129 silly idealTree | | +-- isarray@1.0.0
129 silly idealTree | | +-- process-nextick-args@1.0.6
129 silly idealTree | | `-- util-deprecate@1.0.2
129 silly idealTree | +-- stream-browserify@2.0.1
129 silly idealTree | | `-- inherits@2.0.1
129 silly idealTree | +-- string_decoder@0.10.31
129 silly idealTree | +-- timers-browserify@1.4.2
129 silly idealTree | +-- tty-browserify@0.0.0
129 silly idealTree | +-- url@0.11.0
129 silly idealTree | | +-- punycode@1.3.2
129 silly idealTree | | `-- querystring@0.2.0
129 silly idealTree | +-- util@0.10.3
129 silly idealTree | | `-- inherits@2.0.1
129 silly idealTree | `-- vm-browserify@0.0.4
129 silly idealTree |   `-- indexof@0.0.1
129 silly idealTree +-- nan@2.3.5
129 silly idealTree +-- node-fetch@1.6.0
129 silly idealTree +-- object-assign@4.1.0
129 silly idealTree +-- promise@7.1.1
129 silly idealTree +-- react-addons-pure-render-mixin@15.3.1
129 silly idealTree +-- react-dom@15.3.1
129 silly idealTree +-- react@15.3.1
129 silly idealTree +-- ua-parser-js@0.7.10
129 silly idealTree `-- whatwg-fetch@1.0.0
130 silly generateActionsToTake Starting
131 silly install generateActionsToTake
132 silly generateActionsToTake Finishing
133 silly diffTrees action count 3
134 silly diffTrees add bindings@1.2.1
135 silly diffTrees add nan@2.3.5
136 silly diffTrees add bcrypt@0.8.7
137 silly decomposeActions action count 24
138 silly decomposeActions fetch bindings@1.2.1
139 silly decomposeActions extract bindings@1.2.1
140 silly decomposeActions test bindings@1.2.1
141 silly decomposeActions preinstall bindings@1.2.1
142 silly decomposeActions build bindings@1.2.1
143 silly decomposeActions install bindings@1.2.1
144 silly decomposeActions postinstall bindings@1.2.1
145 silly decomposeActions finalize bindings@1.2.1
146 silly decomposeActions fetch nan@2.3.5
147 silly decomposeActions extract nan@2.3.5
148 silly decomposeActions test nan@2.3.5
149 silly decomposeActions preinstall nan@2.3.5
150 silly decomposeActions build nan@2.3.5
151 silly decomposeActions install nan@2.3.5
152 silly decomposeActions postinstall nan@2.3.5
153 silly decomposeActions finalize nan@2.3.5
154 silly decomposeActions fetch bcrypt@0.8.7
155 silly decomposeActions extract bcrypt@0.8.7
156 silly decomposeActions test bcrypt@0.8.7
157 silly decomposeActions preinstall bcrypt@0.8.7
158 silly decomposeActions build bcrypt@0.8.7
159 silly decomposeActions install bcrypt@0.8.7
160 silly decomposeActions postinstall bcrypt@0.8.7
161 silly decomposeActions finalize bcrypt@0.8.7
162 silly executeActions Starting
163 silly install executeActions
164 silly doSerial global-install 0
165 silly doParallel fetch 3
166 verbose correctMkdir C:\Users\HanhVV\AppData\Roaming\npm-cache\_locks correctMkdir not in flight; initializing
167 verbose lock using C:\Users\HanhVV\AppData\Roaming\npm-cache\_locks\staging-f327b3dbe8e882f3.lock for c:\Users\HanhVV\Desktop\redux\meteo\re-todos\node_modules\.staging
168 silly doParallel extract 3
169 silly extract bindings@1.2.1
170 silly extract nan@2.3.5
171 silly extract bcrypt@0.8.7
172 verbose unbuild node_modules\.staging\bindings-15f51972
173 verbose unbuild node_modules\.staging\nan-e8e7e918
174 verbose unbuild node_modules\.staging\bcrypt-9f2b2592
175 silly gentlyRm c:\Users\HanhVV\Desktop\redux\meteo\re-todos\node_modules\.staging\bindings-15f51972 is being purged from base c:\Users\HanhVV\Desktop\redux\meteo\re-todos
176 verbose gentlyRm don't care about contents; nuking c:\Users\HanhVV\Desktop\redux\meteo\re-todos\node_modules\.staging\bindings-15f51972
177 verbose tar unpack C:\Users\HanhVV\AppData\Roaming\npm-cache\bindings\1.2.1\package.tgz
178 verbose tar unpacking to c:\Users\HanhVV\Desktop\redux\meteo\re-todos\node_modules\.staging\bindings-15f51972
179 silly gentlyRm c:\Users\HanhVV\Desktop\redux\meteo\re-todos\node_modules\.staging\bindings-15f51972 is being purged
180 verbose gentlyRm don't care about contents; nuking c:\Users\HanhVV\Desktop\redux\meteo\re-todos\node_modules\.staging\bindings-15f51972
181 silly gentlyRm c:\Users\HanhVV\Desktop\redux\meteo\re-todos\node_modules\.staging\nan-e8e7e918 is being purged from base c:\Users\HanhVV\Desktop\redux\meteo\re-todos
182 verbose gentlyRm don't care about contents; nuking c:\Users\HanhVV\Desktop\redux\meteo\re-todos\node_modules\.staging\nan-e8e7e918
183 silly gentlyRm c:\Users\HanhVV\Desktop\redux\meteo\re-todos\node_modules\.staging\bcrypt-9f2b2592 is being purged from base c:\Users\HanhVV\Desktop\redux\meteo\re-todos
184 verbose gentlyRm don't care about contents; nuking c:\Users\HanhVV\Desktop\redux\meteo\re-todos\node_modules\.staging\bcrypt-9f2b2592
185 silly gunzTarPerm modes [ '777', '666' ]
186 verbose tar unpack C:\Users\HanhVV\AppData\Roaming\npm-cache\nan\2.3.5\package.tgz
187 verbose tar unpacking to c:\Users\HanhVV\Desktop\redux\meteo\re-todos\node_modules\.staging\nan-e8e7e918
188 silly gentlyRm c:\Users\HanhVV\Desktop\redux\meteo\re-todos\node_modules\.staging\nan-e8e7e918 is being purged
189 verbose gentlyRm don't care about contents; nuking c:\Users\HanhVV\Desktop\redux\meteo\re-todos\node_modules\.staging\nan-e8e7e918
190 verbose tar unpack C:\Users\HanhVV\AppData\Roaming\npm-cache\bcrypt\0.8.7\package.tgz
191 verbose tar unpacking to c:\Users\HanhVV\Desktop\redux\meteo\re-todos\node_modules\.staging\bcrypt-9f2b2592
192 silly gentlyRm c:\Users\HanhVV\Desktop\redux\meteo\re-todos\node_modules\.staging\bcrypt-9f2b2592 is being purged
193 verbose gentlyRm don't care about contents; nuking c:\Users\HanhVV\Desktop\redux\meteo\re-todos\node_modules\.staging\bcrypt-9f2b2592
194 silly gunzTarPerm modes [ '777', '666' ]
195 silly gunzTarPerm modes [ '777', '666' ]
196 silly gunzTarPerm extractEntry package.json
197 silly gunzTarPerm modified mode [ 'package.json', 420, 438 ]
198 silly gunzTarPerm extractEntry package.json
199 silly gunzTarPerm modified mode [ 'package.json', 436, 438 ]
200 silly gunzTarPerm extractEntry package.json
201 silly gunzTarPerm modified mode [ 'package.json', 420, 438 ]
202 silly gunzTarPerm extractEntry README.md
203 silly gunzTarPerm modified mode [ 'README.md', 420, 438 ]
204 silly gunzTarPerm extractEntry bindings.js
205 silly gunzTarPerm modified mode [ 'bindings.js', 420, 438 ]
206 silly gunzTarPerm extractEntry README.md
207 silly gunzTarPerm modified mode [ 'README.md', 436, 438 ]
208 silly gunzTarPerm extractEntry include_dirs.js
209 silly gunzTarPerm modified mode [ 'include_dirs.js', 436, 438 ]
210 silly gunzTarPerm extractEntry .npmignore
211 silly gunzTarPerm modified mode [ '.npmignore', 420, 438 ]
212 silly gunzTarPerm extractEntry README.md
213 silly gunzTarPerm modified mode [ 'README.md', 420, 438 ]
214 silly gunzTarPerm extractEntry nan_converters.h
215 silly gunzTarPerm modified mode [ 'nan_converters.h', 436, 438 ]
216 silly gunzTarPerm extractEntry LICENSE.md
217 silly gunzTarPerm modified mode [ 'LICENSE.md', 436, 438 ]
218 silly gunzTarPerm extractEntry doc/node_misc.md
219 silly gunzTarPerm modified mode [ 'doc/node_misc.md', 436, 438 ]
220 silly gunzTarPerm extractEntry doc/asyncworker.md
221 silly gunzTarPerm modified mode [ 'doc/asyncworker.md', 436, 438 ]
222 silly gunzTarPerm extractEntry LICENSE
223 silly gunzTarPerm modified mode [ 'LICENSE', 420, 438 ]
224 silly gunzTarPerm extractEntry bcrypt.js
225 silly gunzTarPerm modified mode [ 'bcrypt.js', 420, 438 ]
226 silly gunzTarPerm extractEntry Makefile
227 silly gunzTarPerm modified mode [ 'Makefile', 420, 438 ]
228 silly gunzTarPerm extractEntry .travis.yml
229 silly gunzTarPerm modified mode [ '.travis.yml', 420, 438 ]
230 silly gunzTarPerm extractEntry CHANGELOG.md
231 silly gunzTarPerm modified mode [ 'CHANGELOG.md', 420, 438 ]
232 silly gunzTarPerm extractEntry binding.gyp
233 silly gunzTarPerm modified mode [ 'binding.gyp', 420, 438 ]
234 silly gunzTarPerm extractEntry examples/async_compare.js
235 silly gunzTarPerm modified mode [ 'examples/async_compare.js', 420, 438 ]
236 silly gunzTarPerm extractEntry examples/forever_gen_salt.js
237 silly gunzTarPerm modified mode [ 'examples/forever_gen_salt.js', 420, 438 ]
238 silly gunzTarPerm extractEntry test/async.js
239 silly gunzTarPerm modified mode [ 'test/async.js', 420, 438 ]
240 silly gunzTarPerm extractEntry test/repetitions.js
241 silly gunzTarPerm modified mode [ 'test/repetitions.js', 420, 438 ]
242 silly gunzTarPerm extractEntry test/sync.js
243 silly gunzTarPerm modified mode [ 'test/sync.js', 420, 438 ]
244 silly gunzTarPerm extractEntry ISSUE_TEMPLATE.md
245 silly gunzTarPerm modified mode [ 'ISSUE_TEMPLATE.md', 420, 438 ]
246 silly gunzTarPerm extractEntry src/bcrypt.cc
247 silly gunzTarPerm modified mode [ 'src/bcrypt.cc', 420, 438 ]
248 silly gunzTarPerm extractEntry src/bcrypt_node.cc
249 silly gunzTarPerm modified mode [ 'src/bcrypt_node.cc', 420, 438 ]
250 silly gunzTarPerm extractEntry src/blowfish.cc
251 silly gunzTarPerm modified mode [ 'src/blowfish.cc', 420, 438 ]
252 silly gunzTarPerm extractEntry src/node_blf.h
253 silly gunzTarPerm modified mode [ 'src/node_blf.h', 420, 438 ]
254 silly gunzTarPerm extractEntry werker.yml
255 silly gunzTarPerm modified mode [ 'werker.yml', 420, 438 ]
256 silly gunzTarPerm extractEntry doc/callback.md
257 silly gunzTarPerm modified mode [ 'doc/callback.md', 436, 438 ]
258 silly gunzTarPerm extractEntry doc/converters.md
259 silly gunzTarPerm modified mode [ 'doc/converters.md', 436, 438 ]
260 silly gunzTarPerm extractEntry doc/errors.md
261 silly gunzTarPerm modified mode [ 'doc/errors.md', 436, 438 ]
262 silly gunzTarPerm extractEntry doc/maybe_types.md
263 silly gunzTarPerm modified mode [ 'doc/maybe_types.md', 436, 438 ]
264 silly gunzTarPerm extractEntry doc/methods.md
265 silly gunzTarPerm modified mode [ 'doc/methods.md', 436, 438 ]
266 silly gunzTarPerm extractEntry doc/new.md
267 silly gunzTarPerm modified mode [ 'doc/new.md', 436, 438 ]
268 silly gentlyRm c:\Users\HanhVV\Desktop\redux\meteo\re-todos\node_modules\.staging\bindings-15f51972\node_modules is being purged
269 verbose gentlyRm don't care about contents; nuking c:\Users\HanhVV\Desktop\redux\meteo\re-todos\node_modules\.staging\bindings-15f51972\node_modules
270 silly gunzTarPerm extractEntry doc/buffers.md
271 silly gunzTarPerm modified mode [ 'doc/buffers.md', 436, 438 ]
272 silly gunzTarPerm extractEntry doc/object_wrappers.md
273 silly gunzTarPerm modified mode [ 'doc/object_wrappers.md', 436, 438 ]
274 silly gunzTarPerm extractEntry doc/persistent.md
275 silly gunzTarPerm modified mode [ 'doc/persistent.md', 436, 438 ]
276 silly gunzTarPerm extractEntry doc/scopes.md
277 silly gunzTarPerm modified mode [ 'doc/scopes.md', 436, 438 ]
278 silly gunzTarPerm extractEntry doc/script.md
279 silly gunzTarPerm modified mode [ 'doc/script.md', 436, 438 ]
280 silly gunzTarPerm extractEntry doc/string_bytes.md
281 silly gunzTarPerm modified mode [ 'doc/string_bytes.md', 436, 438 ]
282 silly gunzTarPerm extractEntry doc/v8_internals.md
283 silly gunzTarPerm modified mode [ 'doc/v8_internals.md', 436, 438 ]
284 silly gunzTarPerm extractEntry doc/v8_misc.md
285 silly gunzTarPerm modified mode [ 'doc/v8_misc.md', 436, 438 ]
286 silly gunzTarPerm extractEntry nan.h
287 silly gunzTarPerm modified mode [ 'nan.h', 436, 438 ]
288 silly gunzTarPerm extractEntry nan_callbacks.h
289 silly gunzTarPerm modified mode [ 'nan_callbacks.h', 436, 438 ]
290 silly gunzTarPerm extractEntry nan_callbacks_12_inl.h
291 silly gunzTarPerm modified mode [ 'nan_callbacks_12_inl.h', 436, 438 ]
292 silly gunzTarPerm extractEntry nan_callbacks_pre_12_inl.h
293 silly gunzTarPerm modified mode [ 'nan_callbacks_pre_12_inl.h', 436, 438 ]
294 silly gunzTarPerm extractEntry nan_converters_43_inl.h
295 silly gunzTarPerm modified mode [ 'nan_converters_43_inl.h', 436, 438 ]
296 silly gunzTarPerm extractEntry nan_converters_pre_43_inl.h
297 silly gunzTarPerm modified mode [ 'nan_converters_pre_43_inl.h', 436, 438 ]
298 silly gunzTarPerm extractEntry nan_implementation_12_inl.h
299 silly gunzTarPerm modified mode [ 'nan_implementation_12_inl.h', 436, 438 ]
300 silly gunzTarPerm extractEntry nan_implementation_pre_12_inl.h
301 silly gunzTarPerm modified mode [ 'nan_implementation_pre_12_inl.h', 436, 438 ]
302 silly gunzTarPerm extractEntry nan_maybe_43_inl.h
303 silly gunzTarPerm modified mode [ 'nan_maybe_43_inl.h', 436, 438 ]
304 silly gunzTarPerm extractEntry nan_maybe_pre_43_inl.h
305 silly gunzTarPerm modified mode [ 'nan_maybe_pre_43_inl.h', 436, 438 ]
306 silly gunzTarPerm extractEntry nan_new.h
307 silly gunzTarPerm modified mode [ 'nan_new.h', 436, 438 ]
308 silly gunzTarPerm extractEntry nan_object_wrap.h
309 silly gunzTarPerm modified mode [ 'nan_object_wrap.h', 436, 438 ]
310 silly gunzTarPerm extractEntry nan_persistent_12_inl.h
311 silly gunzTarPerm modified mode [ 'nan_persistent_12_inl.h', 436, 438 ]
312 silly gunzTarPerm extractEntry nan_persistent_pre_12_inl.h
313 silly gunzTarPerm modified mode [ 'nan_persistent_pre_12_inl.h', 436, 438 ]
314 silly gunzTarPerm extractEntry nan_string_bytes.h
315 silly gunzTarPerm modified mode [ 'nan_string_bytes.h', 436, 438 ]
316 silly gunzTarPerm extractEntry nan_typedarray_contents.h
317 silly gunzTarPerm modified mode [ 'nan_typedarray_contents.h', 436, 438 ]
318 silly gunzTarPerm extractEntry nan_weak.h
319 silly gunzTarPerm modified mode [ 'nan_weak.h', 436, 438 ]
320 silly gunzTarPerm extractEntry CHANGELOG.md
321 silly gunzTarPerm modified mode [ 'CHANGELOG.md', 436, 438 ]
322 silly gunzTarPerm extractEntry tools/package.json
323 silly gunzTarPerm modified mode [ 'tools/package.json', 436, 438 ]
324 silly gunzTarPerm extractEntry tools/README.md
325 silly gunzTarPerm modified mode [ 'tools/README.md', 436, 438 ]
326 silly gunzTarPerm extractEntry tools/1to2.js
327 silly gunzTarPerm modified mode [ 'tools/1to2.js', 509, 511 ]
328 silly gentlyRm c:\Users\HanhVV\Desktop\redux\meteo\re-todos\node_modules\.staging\bcrypt-9f2b2592\node_modules is being purged
329 verbose gentlyRm don't care about contents; nuking c:\Users\HanhVV\Desktop\redux\meteo\re-todos\node_modules\.staging\bcrypt-9f2b2592\node_modules
330 silly gentlyRm c:\Users\HanhVV\Desktop\redux\meteo\re-todos\node_modules\.staging\nan-e8e7e918\node_modules is being purged
331 verbose gentlyRm don't care about contents; nuking c:\Users\HanhVV\Desktop\redux\meteo\re-todos\node_modules\.staging\nan-e8e7e918\node_modules
332 silly doParallel preinstall 3
333 silly preinstall bindings@1.2.1 c:\Users\HanhVV\Desktop\redux\meteo\re-todos\node_modules\.staging\bindings-15f51972
334 info lifecycle bindings@1.2.1~preinstall: bindings@1.2.1
335 silly preinstall nan@2.3.5 c:\Users\HanhVV\Desktop\redux\meteo\re-todos\node_modules\.staging\nan-e8e7e918
336 info lifecycle nan@2.3.5~preinstall: nan@2.3.5
337 silly preinstall bcrypt@0.8.7 c:\Users\HanhVV\Desktop\redux\meteo\re-todos\node_modules\.staging\bcrypt-9f2b2592
338 info lifecycle bcrypt@0.8.7~preinstall: bcrypt@0.8.7
339 silly lifecycle bindings@1.2.1~preinstall: no script for preinstall, continuing
340 silly lifecycle nan@2.3.5~preinstall: no script for preinstall, continuing
341 silly lifecycle bcrypt@0.8.7~preinstall: no script for preinstall, continuing
342 silly doReverseSerial remove 0
343 silly doSerial move 0
344 silly doSerial finalize 3
345 silly finalize c:\Users\HanhVV\Desktop\redux\meteo\re-todos\node_modules\bindings
346 silly finalize c:\Users\HanhVV\Desktop\redux\meteo\re-todos\node_modules\nan
347 silly finalize c:\Users\HanhVV\Desktop\redux\meteo\re-todos\node_modules\bcrypt
348 silly doSerial build 3
349 silly build bindings@1.2.1
350 info linkStuff bindings@1.2.1
351 silly linkStuff bindings@1.2.1 has c:\Users\HanhVV\Desktop\redux\meteo\re-todos\node_modules as its parent node_modules
352 verbose linkBins bindings@1.2.1
353 verbose linkMans bindings@1.2.1
354 silly build nan@2.3.5
355 info linkStuff nan@2.3.5
356 silly linkStuff nan@2.3.5 has c:\Users\HanhVV\Desktop\redux\meteo\re-todos\node_modules as its parent node_modules
357 verbose linkBins nan@2.3.5
358 verbose linkMans nan@2.3.5
359 silly build bcrypt@0.8.7
360 info linkStuff bcrypt@0.8.7
361 silly linkStuff bcrypt@0.8.7 has c:\Users\HanhVV\Desktop\redux\meteo\re-todos\node_modules as its parent node_modules
362 verbose linkBins bcrypt@0.8.7
363 verbose linkMans bcrypt@0.8.7
364 silly doSerial global-link 0
365 silly doParallel update-linked 0
366 silly doSerial install 3
367 silly install bindings@1.2.1 c:\Users\HanhVV\Desktop\redux\meteo\re-todos\node_modules\.staging\bindings-15f51972
368 info lifecycle bindings@1.2.1~install: bindings@1.2.1
369 silly lifecycle bindings@1.2.1~install: no script for install, continuing
370 silly install nan@2.3.5 c:\Users\HanhVV\Desktop\redux\meteo\re-todos\node_modules\.staging\nan-e8e7e918
371 info lifecycle nan@2.3.5~install: nan@2.3.5
372 silly lifecycle nan@2.3.5~install: no script for install, continuing
373 silly install bcrypt@0.8.7 c:\Users\HanhVV\Desktop\redux\meteo\re-todos\node_modules\.staging\bcrypt-9f2b2592
374 info lifecycle bcrypt@0.8.7~install: bcrypt@0.8.7
375 verbose lifecycle bcrypt@0.8.7~install: unsafe-perm in lifecycle true
376 verbose lifecycle bcrypt@0.8.7~install: PATH: c:\Users\HanhVV\AppData\Local\.meteor\packages\meteor-tool\1.4.1_1\mt-os.windows.x86_32\dev_bundle\lib\node_modules\npm\bin\node-gyp-bin;c:\Users\HanhVV\Desktop\redux\meteo\re-todos\node_modules\bcrypt\node_modules\.bin;c:\Users\HanhVV\Desktop\redux\meteo\re-todos\node_modules\.bin;c:\Users\HanhVV\AppData\Local\.meteor\packages\meteor-tool\1.4.1_1\mt-os.windows.x86_32\dev_bundle\bin;c:\Users\HanhVV\AppData\Local\.meteor\packages\meteor-tool\1.4.1_1\mt-os.windows.x86_32\dev_bundle\lib\node_modules\.bin;c:\Users\HanhVV\bin;.;C:\Program Files\Git\local\bin;C:\Program Files\Git\mingw\bin;C:\Program Files\Git\bin;C:\Program Files\Git\bin;c:\ProgramData\Oracle\Java\javapath;c:\Program Files (x86)\Intel\iCLS Client\;c:\Program Files\Intel\iCLS Client\;c:\Windows\system32;c:\Windows;c:\Windows\System32\Wbem;c:\Windows\System32\WindowsPowerShell\v1.0\;c:\Program Files (x86)\Intel\OpenCL SDK\3.0\bin\x86;c:\Program Files (x86)\Intel\OpenCL SDK\3.0\bin\x64;c:\Program Files\Intel\Intel(R) Management Engine Components\DAL;c:\Program Files\Intel\Intel(R) Management Engine Components\IPT;c:\Program Files (x86)\Intel\Intel(R) Management Engine Components\DAL;c:\Program Files (x86)\Intel\Intel(R) Management Engine Components\IPT;c:\wamp\bin\php\php5.5.12;c:\ProgramData\ComposerSetup\bin;c:\Program Files (x86)\Skype\Phone\;c:\Program Files\nodejs\;c:\Program Files\TortoiseGit\bin;c:\Program Files (x86)\GtkSharp\2.12\bin;c:\Program Files (x86)\ATI Technologies\ATI.ACE\Core-Static;c:\Program Files (x86)\Microsoft VS Code\bin;c:\Users\HanhVV\AppData\Roaming\npm;c:\Users\HanhVV\AppData\Local\atom\bin;c:\Program Files\Docker Toolbox;c:\Users\HanhVV\AppData\Local\.meteor\
377 verbose lifecycle bcrypt@0.8.7~install: CWD: c:\Users\HanhVV\Desktop\redux\meteo\re-todos\node_modules\bcrypt
378 silly lifecycle bcrypt@0.8.7~install: Args: [ '/d /s /c', 'node-gyp rebuild' ]
379 silly lifecycle bcrypt@0.8.7~install: Returned: code: 1  signal: null
380 info lifecycle bcrypt@0.8.7~install: Failed to exec install script
381 verbose unlock done using C:\Users\HanhVV\AppData\Roaming\npm-cache\_locks\staging-f327b3dbe8e882f3.lock for c:\Users\HanhVV\Desktop\redux\meteo\re-todos\node_modules\.staging
382 silly rollbackFailedOptional Starting
383 silly rollbackFailedOptional Finishing
384 silly runTopLevelLifecycles Starting
385 silly runTopLevelLifecycles Finishing
386 silly install printInstalled
387 verbose stack Error: bcrypt@0.8.7 install: `node-gyp rebuild`
387 verbose stack Exit status 1
387 verbose stack     at EventEmitter.<anonymous> (c:\Users\HanhVV\AppData\Local\.meteor\packages\meteor-tool\1.4.1_1\mt-os.windows.x86_32\dev_bundle\lib\node_modules\npm\lib\utils\lifecycle.js:255:16)
387 verbose stack     at emitTwo (events.js:87:13)
387 verbose stack     at EventEmitter.emit (events.js:172:7)
387 verbose stack     at ChildProcess.<anonymous> (c:\Users\HanhVV\AppData\Local\.meteor\packages\meteor-tool\1.4.1_1\mt-os.windows.x86_32\dev_bundle\lib\node_modules\npm\lib\utils\spawn.js:40:14)
387 verbose stack     at emitTwo (events.js:87:13)
387 verbose stack     at ChildProcess.emit (events.js:172:7)
387 verbose stack     at maybeClose (internal/child_process.js:829:16)
387 verbose stack     at Process.ChildProcess._handle.onexit (internal/child_process.js:211:5)
388 verbose pkgid bcrypt@0.8.7
389 verbose cwd c:\Users\HanhVV\Desktop\redux\meteo\re-todos
390 error Windows_NT 6.1.7601
391 error argv "c:\\Users\\HanhVV\\AppData\\Local\\.meteor\\packages\\meteor-tool\\1.4.1_1\\mt-os.windows.x86_32\\dev_bundle\\bin\\node.exe" "c:\\Users\\HanhVV\\AppData\\Local\\.meteor\\packages\\meteor-tool\\1.4.1_1\\mt-os.windows.x86_32\\dev_bundle\\lib\\node_modules\\npm\\bin\\npm-cli.js" "install" "--save" "bcrypt"
392 error node v4.5.0
393 error npm  v3.10.6
394 error code ELIFECYCLE
395 error bcrypt@0.8.7 install: `node-gyp rebuild`
395 error Exit status 1
396 error Failed at the bcrypt@0.8.7 install script 'node-gyp rebuild'.
396 error Make sure you have the latest version of node.js and npm installed.
396 error If you do, this is most likely a problem with the bcrypt package,
396 error not with npm itself.
396 error Tell the author that this fails on your system:
396 error     node-gyp rebuild
396 error You can get information on how to open an issue for this project with:
396 error     npm bugs bcrypt
396 error Or if that isn't available, you can get their info via:
396 error     npm owner ls bcrypt
396 error There is likely additional logging output above.
397 verbose exit [ 1, true ]
